C51 COMPILER V9.60.0.0   MAIN                                                              05/02/2020 19:29:58 PAGE 1   


C51 COMPILER V9.60.0.0, COMPILATION OF MODULE MAIN
OBJECT MODULE PLACED IN .\Objects\main.obj
COMPILER INVOKED BY: C:\Keil_v5\C51\BIN\C51.EXE main.c LARGE OPTIMIZE(8,SPEED) BROWSE INCDIR(.\My_Libraries\Device Heade
                    -r Files;.\My_Libraries\LCD) DEBUG OBJECTEXTEND PRINT(.\Listings\main.lst) TABS(2) OBJECT(.\Objects\main.obj)

line level    source

   1          #include "STC8xxx.h"
   2          #include "BSP.h"
   3          #include "LCD.c"
   4          #include "lcd_print.c"
   5          
   6          
   7          unsigned char state = 0x00;
   8          unsigned int pulse_width = 0x0000;
   9          
  10          
  11          void setup(void);
  12          
  13          
  14          void PCA_ISR(void)          
  15          interrupt 7
  16          {   
  17   1        if(check_PCA_0_flag)
  18   1        {
  19   2          state ^= 1;
  20   2          clear_PCA_0_flag;
  21   2        }
  22   1        
  23   1        switch(state)
  24   1        {
  25   2          case 1:
  26   2          {
  27   3            PCA_load_counter(0x0000);
  28   3            break;    
  29   3          }
  30   2          
  31   2          default:
  32   2          {  
  33   3            pulse_width = PCA_get_CCAP0();
  34   3            break;
  35   3          }
  36   2        }
  37   1      }
  38          
  39          
  40          void main(void)
  41          {
  42   1        float range = 0.0;
  43   1        
  44   1        setup();
  45   1      
  46   1        LCD_goto(0, 0); 
  47   1        LCD_putstr("Range/cm:"); 
  48   1        LCD_goto(0, 1); 
  49   1        LCD_putstr("Pulse/us:");  
  50   1      
  51   1        while(1)
  52   1        {
  53   2          P55_low;
  54   2          delay_ms(10);
C51 COMPILER V9.60.0.0   MAIN                                                              05/02/2020 19:29:58 PAGE 2   

  55   2          
  56   2          P16_high; 
  57   2          delay_us(10); 
  58   2          P16_low; 
  59   2          P55_high;
  60   2          
  61   2          range = ((((float)pulse_width) / 58.0)); 
  62   2          print_F(10, 0, range, 1); 
  63   2          print_I(10, 1, pulse_width);
  64   2          
  65   2          delay_ms(490);
  66   2        };
  67   1      }
  68          
  69          
  70          void setup(void)
  71          {
  72   1        CLK_set_sys_clk(IRC_24M, 2, MCLK_SYSCLK_no_output, MCLK_out_P54);
  73   1      
  74   1        P16_push_pull_mode;
  75   1        P55_open_drain_mode;
  76   1        
  77   1        PCA_pin_option(0x00);
  78   1        
  79   1        PCA_setup(PCA_continue_counting_in_idle_mode, PCA_clk_sys_clk_div_12);
  80   1        PCA_load_counter(0x0000);
  81   1        
  82   1        PCA_0_mode(PCA_16_bit_both_edge_capture);
  83   1        
  84   1        _enable_PCA_0_interrupt;
  85   1        _enable_global_interrupt;  
  86   1        
  87   1        PCA_start_counter;
  88   1        
  89   1        LCD_init();
  90   1        LCD_clear_home();
  91   1      }


MODULE INFORMATION:   STATIC OVERLAYABLE
   CODE SIZE        =   4888    ----
   CONSTANT SIZE    =     45    ----
   XDATA SIZE       =      3     119
   PDATA SIZE       =   ----    ----
   DATA SIZE        =   ----    ----
   IDATA SIZE       =   ----    ----
   BIT SIZE         =   ----    ----
END OF MODULE INFORMATION.


C51 COMPILATION COMPLETE.  0 WARNING(S),  0 ERROR(S)
