C51 COMPILER V9.60.0.0   MAIN                                                              04/27/2020 04:16:56 PAGE 1   


C51 COMPILER V9.60.0.0, COMPILATION OF MODULE MAIN
OBJECT MODULE PLACED IN .\Objects\main.obj
COMPILER INVOKED BY: C:\Keil_v5\C51\BIN\C51.EXE main.c OPTIMIZE(8,SPEED) BROWSE INCDIR(.\My_Libraries\Device Header File
                    -s;.\My_Libraries\LCD) DEBUG OBJECTEXTEND PRINT(.\Listings\main.lst) TABS(2) OBJECT(.\Objects\main.obj)

line level    source

   1          #include "STC8xxx.h"
   2          #include "BSP.h"
   3          #include "LCD.c"
   4          
   5          
   6          void setup(void);
   7          void show_value(unsigned char value);
   8          
   9          
  10          void main(void)
  11          {
  12   1          unsigned char s = 0x00;
  13   1      
  14   1          char txt1[] = {"MICROARENA"};
  15   1          char txt2[] = {"SShahryiar"};
  16   1          char txt3[] = {"STC8A Series"};
  17   1          char txt4[] = {"STC8A8K64S4A12"};
  18   1          
  19   1        setup();
  20   1        
  21   1        LCD_clear_home();
  22   1      
  23   1          LCD_goto(3, 0);
  24   1          LCD_putstr(txt1);
  25   1          LCD_goto(3, 1);
  26   1          LCD_putstr(txt2);
  27   1          delay_ms(4000);
  28   1      
  29   1          LCD_clear_home();
  30   1      
  31   1          for(s = 0; s < 12; s++)
  32   1          {
  33   2              LCD_goto((2 + s), 0);
  34   2              LCD_putchar(txt3[s]);
  35   2              delay_ms(60);
  36   2          }
  37   1          for(s = 0; s < 14; s++)
  38   1          {
  39   2              LCD_goto((1 + s), 1);
  40   2              LCD_putchar(txt4[s]);
  41   2              delay_ms(60);
  42   2          }
  43   1          delay_ms(4000);
  44   1      
  45   1          s = 0;
  46   1          LCD_clear_home();
  47   1      
  48   1          LCD_goto(3, 0);
  49   1          LCD_putstr(txt1);
  50   1      
  51   1          while(1)
  52   1          {
  53   2              show_value(s);
  54   2              s++;
C51 COMPILER V9.60.0.0   MAIN                                                              04/27/2020 04:16:56 PAGE 2   

  55   2              delay_ms(400);
  56   2          };
  57   1      }
  58          
  59          
  60          void setup(void)
  61          {
  62   1          CLK_set_sys_clk(IRC_24M, 2, MCLK_SYSCLK_div_1, MCLK_out_P54);
  63   1          
  64   1          LCD_init();
  65   1      }
  66          
  67          
  68          void show_value(unsigned char value)
  69          {
  70   1         unsigned char ch = 0x00;
  71   1      
  72   1         ch = ((value / 100) + 0x30);
  73   1         LCD_goto(6, 1);
  74   1         LCD_putchar(ch);
  75   1      
  76   1         ch = (((value / 10) % 10) + 0x30);
  77   1         LCD_goto(7, 1);
  78   1         LCD_putchar(ch);
  79   1      
  80   1         ch = ((value % 10) + 0x30);
  81   1         LCD_goto(8, 1);
  82   1         LCD_putchar(ch);
  83   1      }


MODULE INFORMATION:   STATIC OVERLAYABLE
   CODE SIZE        =   2661    ----
   CONSTANT SIZE    =     50    ----
   XDATA SIZE       =   ----    ----
   PDATA SIZE       =   ----    ----
   DATA SIZE        =   ----     115
   IDATA SIZE       =   ----    ----
   BIT SIZE         =   ----    ----
END OF MODULE INFORMATION.


C51 COMPILATION COMPLETE.  0 WARNING(S),  0 ERROR(S)
