C51 COMPILER V9.60.0.0   MAIN                                                              05/02/2020 14:08:23 PAGE 1   


C51 COMPILER V9.60.0.0, COMPILATION OF MODULE MAIN
OBJECT MODULE PLACED IN .\Objects\main.obj
COMPILER INVOKED BY: C:\Keil_v5\C51\BIN\C51.EXE main.c LARGE OPTIMIZE(8,SPEED) BROWSE INCDIR(.\My_Libraries\Device Heade
                    -r Files) DEBUG OBJECTEXTEND PRINT(.\Listings\main.lst) TABS(2) OBJECT(.\Objects\main.obj)

line level    source

   1          #include "STC8xxx.h"
   2          #include "BSP.h"
   3          
   4          
   5          void setup(void);
   6          void PWM_idle(void);
   7          
   8          
   9          void main(void)
  10          {
  11   1        signed int j = 0x0000;
  12   1        
  13   1        setup();
  14   1        
  15   1        while(1)
  16   1        {
  17   2          for(j = 0; j < 256; j++)
  18   2          {
  19   3            PCA_0_8_bit_PWM_reload_value(255 - j);
  20   3            PCA_1_8_bit_PWM_reload_value(j);
  21   3            PCA_2_8_bit_PWM_reload_value(255 - j);
  22   3            PCA_3_8_bit_PWM_reload_value(j);
  23   3            delay_ms(10);
  24   3          }     
  25   2            
  26   2          for(j = 255; j > -1; j--)
  27   2          {
  28   3            PCA_0_8_bit_PWM_reload_value(255 - j);
  29   3            PCA_1_8_bit_PWM_reload_value(j);
  30   3            PCA_2_8_bit_PWM_reload_value(255 - j);
  31   3            PCA_3_8_bit_PWM_reload_value(j);
  32   3            delay_ms(10);
  33   3          }     
  34   2        };
  35   1      }
  36          
  37          
  38          void setup(void)
  39          {
  40   1        CLK_set_sys_clk(IRC_24M, 2, MCLK_SYSCLK_no_output, MCLK_out_P54);
  41   1       
  42   1        PCA_pin_option(0x10);
  43   1        
  44   1        PCA_setup(PCA_continue_counting_in_idle_mode, PCA_clk_sys_clk_div_1);
  45   1        
  46   1        PCA_n_PWM(0, PCA_PWM_without_interrupt, PCA_8_bit_PWM);
  47   1        PCA_n_PWM(1, PCA_PWM_without_interrupt, PCA_8_bit_PWM);
  48   1        PCA_n_PWM(2, PCA_PWM_without_interrupt, PCA_8_bit_PWM);
  49   1        PCA_n_PWM(3, PCA_PWM_without_interrupt, PCA_8_bit_PWM);
  50   1        
  51   1        PCA_0_8_bit_PWM_compare_value(0); 
  52   1        PCA_0_8_bit_PWM_reload_value(0);  
  53   1        
  54   1        PCA_1_8_bit_PWM_compare_value(0); 
C51 COMPILER V9.60.0.0   MAIN                                                              05/02/2020 14:08:23 PAGE 2   

  55   1        PCA_1_8_bit_PWM_reload_value(0);  
  56   1        
  57   1        PCA_2_8_bit_PWM_compare_value(0); 
  58   1        PCA_2_8_bit_PWM_reload_value(0);  
  59   1        
  60   1        PCA_3_8_bit_PWM_compare_value(0); 
  61   1        PCA_3_8_bit_PWM_reload_value(0);  
  62   1        
  63   1        PCA_load_counter(0);
  64   1        
  65   1        PCA_start_counter;
  66   1      }
  67          
  68          


MODULE INFORMATION:   STATIC OVERLAYABLE
   CODE SIZE        =   2458    ----
   CONSTANT SIZE    =   ----    ----
   XDATA SIZE       =   ----      59
   PDATA SIZE       =   ----    ----
   DATA SIZE        =   ----    ----
   IDATA SIZE       =   ----    ----
   BIT SIZE         =   ----    ----
END OF MODULE INFORMATION.


C51 COMPILATION COMPLETE.  0 WARNING(S),  0 ERROR(S)
