C51 COMPILER V9.60.0.0   MAIN                                                              04/27/2020 04:12:56 PAGE 1   


C51 COMPILER V9.60.0.0, COMPILATION OF MODULE MAIN
OBJECT MODULE PLACED IN .\Objects\main.obj
COMPILER INVOKED BY: C:\Keil_v5\C51\BIN\C51.EXE main.c OPTIMIZE(8,SPEED) BROWSE INCDIR(.\My_Libraries\Device Header File
                    -s) DEBUG OBJECTEXTEND PRINT(.\Listings\main.lst) TABS(2) OBJECT(.\Objects\main.obj)

line level    source

   1          #include "STC8xxx.h"
   2          #include "BSP.h"
   3          
   4          
   5          void setup(void);
   6          
   7          
   8          void main(void)
   9          {
  10   1          setup();
  11   1          
  12   1          while(1)
  13   1          {
  14   2              if(CMP_get_comp_status != 0x00)
  15   2              {
  16   3                  P55_low;
  17   3              }
  18   2              else
  19   2              {
  20   3                  P55_high;
  21   3              }
  22   2          };
  23   1      }
  24          
  25          
  26          void setup(void)
  27          {
  28   1          CLK_set_sys_clk(IRC_24M, \ 
  29   1                          2, \
  30   1                          MCLK_SYSCLK_no_output, \
  31   1                          MCLK_out_P54);
  32   1          
  33   1          P55_open_drain_mode;
  34   1          
  35   1          CMP_setup(CMP_positive_input_P37, \
  36   1                    CMP_negative_input_P36, \
  37   1                    CMP_output_disable, \
  38   1                    CMP_result_positive_output, \
  39   1                    CMP_enable_analog_filtering, \
  40   1                    0x04);
  41   1          
  42   1          CMP_enable;
  43   1      }


MODULE INFORMATION:   STATIC OVERLAYABLE
   CODE SIZE        =   1942    ----
   CONSTANT SIZE    =   ----    ----
   XDATA SIZE       =   ----    ----
   PDATA SIZE       =   ----    ----
   DATA SIZE        =   ----      57
   IDATA SIZE       =   ----    ----
   BIT SIZE         =   ----    ----
END OF MODULE INFORMATION.

C51 COMPILER V9.60.0.0   MAIN                                                              04/27/2020 04:12:56 PAGE 2   


C51 COMPILATION COMPLETE.  0 WARNING(S),  0 ERROR(S)
