C51 COMPILER V9.60.0.0   MAIN                                                              04/30/2020 22:55:53 PAGE 1   


C51 COMPILER V9.60.0.0, COMPILATION OF MODULE MAIN
OBJECT MODULE PLACED IN .\Objects\main.obj
COMPILER INVOKED BY: C:\Keil_v5\C51\BIN\C51.EXE main.c LARGE OPTIMIZE(8,SPEED) BROWSE INCDIR(.\My_Libraries\Device Heade
                    -r Files;.\My_Libraries\LCD) DEBUG OBJECTEXTEND PRINT(.\Listings\main.lst) TABS(2) OBJECT(.\Objects\main.obj)

line level    source

   1          #include "STC8xxx.h"
   2          #include "BSP.h"
   3          #include "LCD.c"
   4          #include "lcd_print.c"
   5          
   6          
   7          unsigned int first_edge = 0x0000;
   8          unsigned int second_edge = 0x0000;
   9          
  10          unsigned long clks = 0x00000000;
  11          unsigned long ov_cnt = 0x00000000;
  12          
  13          
  14          void setup(void);
  15          
  16          
  17          void PCA_ISR(void)          
  18          interrupt 7
  19          {
  20   1          if(check_PCA_Counter_overflow_flag)
  21   1          {
  22   2            ov_cnt++;;
  23   2            clear_PCA_Counter_overflow_flag;
  24   2          }
  25   1          
  26   1          if(check_PCA_0_flag)
  27   1          {
  28   2            second_edge = PCA_get_CCAP0();
  29   2            clks = ((65536*ov_cnt) + second_edge - first_edge);
  30   2            ov_cnt = 0;
  31   2            first_edge = second_edge;
  32   2            second_edge = 0;
  33   2            clear_PCA_0_flag;
  34   2          }
  35   1      }
  36          
  37          
  38          void main(void)
  39          {
  40   1        float f = 0.0;
  41   1        
  42   1        unsigned char s = 0;
  43   1        
  44   1        setup();
  45   1      
  46   1        LCD_goto(0, 0);
  47   1        LCD_putstr("Period/ms:");
  48   1        
  49   1        LCD_goto(0, 1);
  50   1        LCD_putstr("Freq./kHz:");
  51   1      
  52   1        while(1)
  53   1        {
  54   2          PWM_stop_counter;
C51 COMPILER V9.60.0.0   MAIN                                                              04/30/2020 22:55:53 PAGE 2   

  55   2       
  56   2          switch(s)
  57   2          {
  58   3            case 1:
  59   3            {
  60   4              PWM_clk_set(PWM_clk_sys_PS, PWM_clk_ps_sys_clk_div_1);  
  61   4              break;
  62   4            }
  63   3            
  64   3            case 2:
  65   3            {
  66   4              PWM_clk_set(PWM_clk_sys_PS, PWM_clk_ps_sys_clk_div_4);      
  67   4              break;
  68   4            }
  69   3            
  70   3            case 3:
  71   3            {
  72   4              PWM_clk_set(PWM_clk_sys_PS, PWM_clk_ps_sys_clk_div_3);  
  73   4              break;
  74   4            }      
  75   3            
  76   3            default:
  77   3            {
  78   4              PWM_clk_set(PWM_clk_sys_PS, PWM_clk_ps_sys_clk_div_2);  
  79   4              break;
  80   4            }
  81   3          }
  82   2          PWM_start_counter;
  83   2          delay_ms(1000);
  84   2          
  85   2          f = (12000.0 / ((float)clks));
  86   2          print_I(11, 0, clks);  
  87   2          print_F(11, 1, f, 1);
  88   2          
  89   2          delay_ms(1000);
  90   2          
  91   2          s++;
  92   2          if(s > 3)
  93   2          {
  94   3            s = 0;
  95   3          }
  96   2        };
  97   1      }
  98          
  99          
 100          void setup(void)
 101          {
 102   1        CLK_set_sys_clk(IRC_24M, 2, MCLK_SYSCLK_no_output, MCLK_out_P54);
 103   1        
 104   1        PWM0_setup(PWM_pin_is_PWM_output, \
 105   1                         PWM_init_lvl_low, \
 106   1                         PWM_0_pin_P10, \
 107   1                         PWM_level_normal);
 108   1        
 109   1        PWM_clk_set(PWM_clk_sys_PS, PWM_clk_ps_sys_clk_div_2);  
 110   1        PWM_set_counter(500);  
 111   1              
 112   1        PWM_set_PWM0_T1(0);
 113   1        PWM_set_PWM0_T2(200); 
 114   1        
 115   1        PWM_start_counter;
 116   1      
C51 COMPILER V9.60.0.0   MAIN                                                              04/30/2020 22:55:53 PAGE 3   

 117   1        PCA_pin_option(0x00);
 118   1        
 119   1        PCA_setup(PCA_continue_counting_in_idle_mode, PCA_clk_sys_clk_div_1);
 120   1        PCA_load_counter(0x0000);
 121   1        
 122   1        PCA_0_mode(PCA_16_bit_falling_edge_capture);
 123   1        
 124   1        _enable_PCA_0_interrupt;
 125   1        _enable_PCA_counter_interrupt;
 126   1        _enable_global_interrupt;  
 127   1        
 128   1        PCA_start_counter;
 129   1        
 130   1        LCD_init();
 131   1        LCD_clear_home();
 132   1      }


MODULE INFORMATION:   STATIC OVERLAYABLE
   CODE SIZE        =   5268    ----
   CONSTANT SIZE    =     47    ----
   XDATA SIZE       =     12     120
   PDATA SIZE       =   ----    ----
   DATA SIZE        =   ----    ----
   IDATA SIZE       =   ----    ----
   BIT SIZE         =   ----    ----
END OF MODULE INFORMATION.


C51 COMPILATION COMPLETE.  0 WARNING(S),  0 ERROR(S)
