C51 COMPILER V9.60.0.0   MAIN                                                              05/02/2020 22:10:32 PAGE 1   


C51 COMPILER V9.60.0.0, COMPILATION OF MODULE MAIN
OBJECT MODULE PLACED IN .\Objects\main.obj
COMPILER INVOKED BY: C:\Keil_v5\C51\BIN\C51.EXE main.c OPTIMIZE(8,SPEED) BROWSE INCDIR(.\My_Libraries\Device Header File
                    -s) DEBUG OBJECTEXTEND PRINT(.\Listings\main.lst) TABS(2) OBJECT(.\Objects\main.obj)

line level    source

   1          #include "STC8xxx.h"
   2          #include "BSP.h"
   3          
   4          
   5          void setup(void);
   6          
   7          
   8          void PCA_ISR(void)          
   9          interrupt 7
  10          {
  11   1        if(check_PCA_0_flag)
  12   1        {
  13   2          clear_PCA_0_flag;
  14   2          P54_low;
  15   2        }
  16   1        if(check_PCA_1_flag)
  17   1        {
  18   2          clear_PCA_1_flag;
  19   2          P54_high;
  20   2        }  
  21   1        
  22   1      }
  23          
  24          
  25          void main(void)
  26          {
  27   1      
  28   1        setup();
  29   1        
  30   1        while(1)
  31   1        {
  32   2          P55_toggle;
  33   2          delay_ms(400);
  34   2        };
  35   1      }
  36          
  37          
  38          void setup(void)
  39          {
  40   1        CLK_set_sys_clk(IRC_24M, 2, MCLK_SYSCLK_no_output, MCLK_out_P54);
  41   1      
  42   1        P54_push_pull_mode;
  43   1        P55_open_drain_mode;
  44   1        
  45   1        PCA_pin_option(0x00);
  46   1        
  47   1        PCA_setup(PCA_continue_counting_in_idle_mode, PCA_clk_sys_clk_div_1);
  48   1        
  49   1        PCA_0_mode(PCA_16_bit_falling_edge_capture);
  50   1        PCA_1_mode(PCA_16_bit_falling_edge_capture);
  51   1          
  52   1        PCA_load_counter(0);
  53   1        
  54   1        _enable_PCA_0_interrupt;
C51 COMPILER V9.60.0.0   MAIN                                                              05/02/2020 22:10:32 PAGE 2   

  55   1        _enable_PCA_1_interrupt;
  56   1        _enable_global_interrupt;
  57   1        
  58   1        PCA_start_counter;
  59   1      }
  60          
  61          


MODULE INFORMATION:   STATIC OVERLAYABLE
   CODE SIZE        =   1955    ----
   CONSTANT SIZE    =   ----    ----
   XDATA SIZE       =   ----    ----
   PDATA SIZE       =   ----    ----
   DATA SIZE        =   ----      57
   IDATA SIZE       =   ----    ----
   BIT SIZE         =   ----    ----
END OF MODULE INFORMATION.


C51 COMPILATION COMPLETE.  0 WARNING(S),  0 ERROR(S)
