C51 COMPILER V9.60.0.0   MAIN                                                              05/03/2020 04:21:21 PAGE 1   


C51 COMPILER V9.60.0.0, COMPILATION OF MODULE MAIN
OBJECT MODULE PLACED IN .\Objects\main.obj
COMPILER INVOKED BY: C:\Keil_v5\C51\BIN\C51.EXE main.c OPTIMIZE(8,SPEED) BROWSE INCDIR(.\My_Libraries\Device Header File
                    -s) DEBUG OBJECTEXTEND PRINT(.\Listings\main.lst) TABS(2) OBJECT(.\Objects\main.obj)

line level    source

   1          #include "STC8xxx.h"
   2          #include "BSP.h"
   3          
   4          
   5          #define servo_min_duty     800
   6          #define servo_max_duty    2200
   7          #define step_change          5
   8          
   9          
  10          void setup(void);
  11          void PWM_idle(void);
  12          
  13          
  14          void main(void)
  15          { 
  16   1        unsigned int i = 0x0000;
  17   1        
  18   1        setup();
  19   1        
  20   1        while(1)
  21   1        {
  22   2          for(i = servo_min_duty; i < servo_max_duty; i += step_change)
  23   2          {
  24   3            PWM_set_PWM0_T1(i);  
  25   3            delay_ms(4);
  26   3          }
  27   2          
  28   2          for(i = servo_max_duty; i > servo_min_duty; i -= step_change)
  29   2          {
  30   3            PWM_set_PWM0_T1(i);  
  31   3            delay_ms(4);
  32   3          }
  33   2        };
  34   1      }
  35          
  36          
  37          void setup(void)
  38          {
  39   1        CLK_set_sys_clk(IRC_24M, 2, MCLK_SYSCLK_no_output, MCLK_out_P54);
  40   1       
  41   1        PWM_clk_set(PWM_clk_sys_PS, PWM_clk_ps_sys_clk_div_12);
  42   1        
  43   1        PWM_set_counter(20000);
  44   1        
  45   1        PWM0_setup(PWM_pin_is_PWM_output, \
  46   1                   PWM_init_lvl_low, \
  47   1                   PWM_0_pin_P20, \
  48   1                   PWM_level_normal);
  49   1                    
  50   1        PWM_set_PWM0_T1(1000);
  51   1        PWM_set_PWM0_T2(0);  
  52   1        
  53   1        PWM_start_counter;
  54   1      }
C51 COMPILER V9.60.0.0   MAIN                                                              05/03/2020 04:21:21 PAGE 2   

  55          
  56          


MODULE INFORMATION:   STATIC OVERLAYABLE
   CODE SIZE        =   2049    ----
   CONSTANT SIZE    =   ----    ----
   XDATA SIZE       =   ----    ----
   PDATA SIZE       =   ----    ----
   DATA SIZE        =   ----      63
   IDATA SIZE       =   ----    ----
   BIT SIZE         =   ----    ----
END OF MODULE INFORMATION.


C51 COMPILATION COMPLETE.  0 WARNING(S),  0 ERROR(S)
