C51 COMPILER V9.60.0.0   MAIN                                                              05/05/2020 23:26:44 PAGE 1   


C51 COMPILER V9.60.0.0, COMPILATION OF MODULE MAIN
OBJECT MODULE PLACED IN .\Objects\main.obj
COMPILER INVOKED BY: C:\Keil_v5\C51\BIN\C51.EXE main.c LARGE OPTIMIZE(8,SPEED) BROWSE INCDIR(.\My_Libraries\Device Heade
                    -r Files;.\My_Libraries\I2C LCD;.\My_Libraries\Soft UART) DEBUG OBJECTEXTEND PRINT(.\Listings\main.lst) TABS(2) OBJECT(.\
                    -Objects\main.obj)

line level    source

   1          #include "STC8xxx.h"
   2          #include "BSP.h"
   3          #include "LCD_2_Wire.c"
   4          #include "soft_UART.c"
   5          
   6          
   7          void setup(void);
   8          
   9          
  10          void main(void)
  11          {
  12   1        unsigned char msg1[10] = {"0123456789"};
  13   1        unsigned char msg2[10] = {"!@#$%^&*()"};
  14   1        
  15   1        char i = 0x00;
  16   1        
  17   1        char rcv_s = 0x00;
  18   1        char rcv_3 = 0x00;
  19   1        
  20   1        setup();
  21   1        
  22   1        LCD_goto(0, 0);
  23   1        LCD_putstr("TXDs: ");
  24   1        LCD_goto(10, 0);
  25   1        LCD_putstr("TXD3: ");
  26   1      
  27   1        LCD_goto(0, 1);
  28   1        LCD_putstr("RXDs: ");
  29   1        LCD_goto(10, 1);
  30   1        LCD_putstr("RXD3: ");
  31   1      
  32   1        while(1)
  33   1        {
  34   2          for(i = 0; i < 10; i++)
  35   2          {     
  36   3            if(TX_done == TRUE)
  37   3            {
  38   4                TX_done = FALSE;
  39   4                TX_Buffer = msg1[i];
  40   4                TXing = TRUE;
  41   4            }
  42   3            
  43   3            UART3_write_buffer(msg2[i]);  
  44   3            
  45   3            LCD_goto(5, 0);
  46   3            LCD_putchar(msg1[i]);
  47   3            LCD_goto(15, 0);
  48   3            LCD_putchar(msg2[i]);
  49   3            
  50   3            if(RX_done == TRUE)
  51   3            {
  52   4              RX_done = FALSE;
  53   4              rcv_s = RX_Buffer;
C51 COMPILER V9.60.0.0   MAIN                                                              05/05/2020 23:26:44 PAGE 2   

  54   4            }     
  55   3            
  56   3            rcv_3 = UART3_read_buffer();
  57   3      
  58   3            LCD_goto(5, 1);
  59   3            LCD_putchar(rcv_s);      
  60   3            LCD_goto(15, 1);
  61   3            LCD_putchar(rcv_3);
  62   3            
  63   3            delay_ms(900);
  64   3          }
  65   2        };
  66   1      }
  67          
  68          
  69          void setup(void)
  70          {
  71   1        CLK_set_sys_clk(IRC_24M, 2, MCLK_SYSCLK_div_1, MCLK_out_P54);
  72   1      
  73   1        UART3_pin_option(0x00);
  74   1        
  75   1        UART3_init(9600, \
  76   1                   UART3_baud_source_TMR3, \
  77   1                   UART3_timer_1T, \
  78   1                   12000000);
  79   1        
  80   1        LCD_init();
  81   1        LCD_clear_home();
  82   1        soft_UART_init();
  83   1      }


MODULE INFORMATION:   STATIC OVERLAYABLE
   CODE SIZE        =   4024    ----
   CONSTANT SIZE    =     48    ----
   XDATA SIZE       =     14     102
   PDATA SIZE       =   ----    ----
   DATA SIZE        =   ----    ----
   IDATA SIZE       =   ----    ----
   BIT SIZE         =   ----    ----
END OF MODULE INFORMATION.


C51 COMPILATION COMPLETE.  0 WARNING(S),  0 ERROR(S)
