C51 COMPILER V9.60.0.0   MAIN                                                              05/02/2020 15:58:49 PAGE 1   


C51 COMPILER V9.60.0.0, COMPILATION OF MODULE MAIN
OBJECT MODULE PLACED IN .\Objects\main.obj
COMPILER INVOKED BY: C:\Keil_v5\C51\BIN\C51.EXE main.c OPTIMIZE(8,SPEED) BROWSE INCDIR(.\My_Libraries\Device Header File
                    -s) DEBUG OBJECTEXTEND PRINT(.\Listings\main.lst) TABS(2) OBJECT(.\Objects\main.obj)

line level    source

   1          #include "STC8xxx.h"
   2          #include "BSP.h"
   3          
   4          
   5          #define freq_change         (12000000L / 2 /38400)
   6          
   7          
   8          unsigned int value = freq_change;
   9          
  10          
  11          void setup(void);
  12          
  13          
  14          void PCA_ISR(void)          
  15          interrupt 7
  16          {
  17   1        clear_PCA_0_flag;
  18   1        PCA0_load_value(value);
  19   1        value += freq_change;
  20   1      }
  21          
  22          
  23          void main(void)
  24          {
  25   1      
  26   1        setup();
  27   1        
  28   1        while(1)
  29   1        {
  30   2          if(P52_get_input == FALSE)
  31   2          {
  32   3            P24_high;
  33   3            P55_low;
  34   3          }
  35   2          
  36   2          else
  37   2          {
  38   3            P24_low;
  39   3            P55_high;
  40   3          }
  41   2        };
  42   1      }
  43          
  44          
  45          void setup(void)
  46          {
  47   1        CLK_set_sys_clk(IRC_24M, 2, MCLK_SYSCLK_no_output, MCLK_out_P54);
  48   1       
  49   1        P01_push_pull_mode;
  50   1        P55_open_drain_mode;
  51   1        
  52   1        P52_input_mode;
  53   1        P52_pull_up_enable;
  54   1        
C51 COMPILER V9.60.0.0   MAIN                                                              05/02/2020 15:58:49 PAGE 2   

  55   1        PCA_pin_option(0x10);
  56   1        
  57   1        PCA_setup(PCA_continue_counting_in_idle_mode, PCA_clk_sys_clk_div_1);
  58   1        
  59   1        PCA_0_mode(PCA_16_bit_high_speed_pulse_output);
  60   1          
  61   1        PCA_load_counter(0);
  62   1        PCA0_load_value(value);
  63   1        
  64   1        _enable_PCA_0_interrupt;
  65   1        _enable_global_interrupt;
  66   1        
  67   1        PCA_start_counter;
  68   1      }
  69          
  70          


MODULE INFORMATION:   STATIC OVERLAYABLE
   CODE SIZE        =   1999    ----
   CONSTANT SIZE    =   ----    ----
   XDATA SIZE       =   ----    ----
   PDATA SIZE       =   ----    ----
   DATA SIZE        =      2      57
   IDATA SIZE       =   ----    ----
   BIT SIZE         =   ----    ----
END OF MODULE INFORMATION.


C51 COMPILATION COMPLETE.  0 WARNING(S),  0 ERROR(S)
