C51 COMPILER V9.60.0.0   MAIN                                                              05/05/2020 11:41:46 PAGE 1   


C51 COMPILER V9.60.0.0, COMPILATION OF MODULE MAIN
OBJECT MODULE PLACED IN .\Objects\main.obj
COMPILER INVOKED BY: C:\Keil_v5\C51\BIN\C51.EXE main.c LARGE OPTIMIZE(8,SPEED) BROWSE INCDIR(.\My_Libraries\Device Heade
                    -r Files;.\My_Libraries\DHT11;.\My_Libraries\SSD1306) DEBUG OBJECTEXTEND PRINT(.\Listings\main.lst) TABS(2) OBJECT(.\Obje
                    -cts\main.obj)

line level    source

   1          #include "STC8xxx.h"
   2          #include "BSP.h"
   3          #include "DHT11.c"
   4          #include "SSD1306.c"
   5          
   6          
   7          void setup(void);
   8          
   9          
  10          void main(void)
  11          {
  12   1        unsigned char state = 0x00;
  13   1        
  14   1        setup();
  15   1        
  16   1        OLED_print_string(24, 0, "Temp/Deg C");  
  17   1        OLED_print_string(24, 4, "Rel.Hum /%");
  18   1      
  19   1        while(1)
  20   1        {                                    
  21   2          state = DHT11_get_data();
  22   2            
  23   2          switch(state)
  24   2          {
  25   3            case 1:
  26   3            {
  27   4            }
  28   3            case 2:
  29   3            {
  30   4               OLED_print_string(56, 2, "   ");
  31   4               OLED_print_string(56, 6, "   ");
  32   4               break;
  33   4            }
  34   3            case 3:
  35   3            {
  36   4               OLED_print_string(56, 2, "--");
  37   4               OLED_print_string(56, 6, "--");
  38   4               break;
  39   4            }
  40   3            default:
  41   3            {         
  42   4               OLED_print_chr(55, 2, values[2]);
  43   4               OLED_print_chr(55, 6, values[0]);
  44   4               break;
  45   4            }
  46   3          }
  47   2          
  48   2          delay_ms(1000);
  49   2        };
  50   1      }
  51          
  52          
  53          void setup(void)
C51 COMPILER V9.60.0.0   MAIN                                                              05/05/2020 11:41:46 PAGE 2   

  54          {
  55   1        CLK_set_sys_clk(IRC_24M, 2, MCLK_SYSCLK_no_output, MCLK_out_P54);
  56   1        
  57   1        DHT11_init();
  58   1        OLED_init();
  59   1      }


MODULE INFORMATION:   STATIC OVERLAYABLE
   CODE SIZE        =   9524    ----
   CONSTANT SIZE    =     29    ----
   XDATA SIZE       =   1581     218
   PDATA SIZE       =   ----    ----
   DATA SIZE        =   ----    ----
   IDATA SIZE       =   ----    ----
   BIT SIZE         =   ----    ----
END OF MODULE INFORMATION.


C51 COMPILATION COMPLETE.  0 WARNING(S),  0 ERROR(S)
