C51 COMPILER V9.60.0.0   MAIN                                                              05/03/2020 04:19:08 PAGE 1   


C51 COMPILER V9.60.0.0, COMPILATION OF MODULE MAIN
OBJECT MODULE PLACED IN .\Objects\main.obj
COMPILER INVOKED BY: C:\Keil_v5\C51\BIN\C51.EXE main.c OPTIMIZE(8,SPEED) BROWSE INCDIR(.\My_Libraries\Device Header File
                    -s;.\My_Libraries\LCD) DEBUG OBJECTEXTEND PRINT(.\Listings\main.lst) TABS(2) OBJECT(.\Objects\main.obj)

line level    source

   1          #include "STC8xxx.h"
   2          #include "BSP.h"
   3          #include "LCD.c"
   4          #include "lcd_print.c"
   5          
   6          
   7          void setup(void);
   8          
   9          
  10          void main(void)
  11          {
  12   1        unsigned int ADC_count = 0x0000;
  13   1        float voltage = 0.0;
  14   1      
  15   1        setup();
  16   1      
  17   1        LCD_goto(0, 0);
  18   1        LCD_putstr("CH0/V:");
  19   1      
  20   1        LCD_goto(0, 1);
  21   1        LCD_putstr("CH1/V:");
  22   1      
  23   1        while(1)
  24   1        {
  25   2          ADC_count = ADC_get_result(CH0);
  26   2          voltage = (((float)ADC_count * 5.0) / 4095.0);
  27   2          print_F(10, 0, voltage, 3);
  28   2          
  29   2          ADC_count = ADC_get_result(CH1);
  30   2          voltage = (((float)ADC_count * 5.0) / 4095.0);
  31   2          print_F(10, 1, voltage, 3);
  32   2          
  33   2          delay_ms(400);
  34   2        };
  35   1      }
  36          
  37          
  38          void setup(void)
  39          {
  40   1        CLK_set_sys_clk(IRC_24M, 4, MCLK_SYSCLK_no_output, MCLK_out_P54);
  41   1      
  42   1        P10_input_mode;
  43   1        P11_input_mode;
  44   1      
  45   1        ADC_enable;
  46   1        ADC_result_format_right_aligned;
  47   1        ADC_set_conversion_speed(ADC_conv_256_CLKs);
  48   1      
  49   1        LCD_init();
  50   1        LCD_clear_home();
  51   1      }


MODULE INFORMATION:   STATIC OVERLAYABLE
C51 COMPILER V9.60.0.0   MAIN                                                              05/03/2020 04:19:08 PAGE 2   

   CODE SIZE        =   4127    ----
   CONSTANT SIZE    =     39    ----
   XDATA SIZE       =   ----    ----
   PDATA SIZE       =   ----    ----
   DATA SIZE        =   ----     125
   IDATA SIZE       =   ----    ----
   BIT SIZE         =   ----    ----
END OF MODULE INFORMATION.


C51 COMPILATION COMPLETE.  0 WARNING(S),  0 ERROR(S)
