C51 COMPILER V9.60.0.0   MAIN                                                              05/03/2020 04:21:45 PAGE 1   


C51 COMPILER V9.60.0.0, COMPILATION OF MODULE MAIN
OBJECT MODULE PLACED IN .\Objects\main.obj
COMPILER INVOKED BY: C:\Keil_v5\C51\BIN\C51.EXE main.c LARGE OPTIMIZE(8,SPEED) BROWSE INCDIR(.\My_Libraries\Device Heade
                    -r Files) DEBUG OBJECTEXTEND PRINT(.\Listings\main.lst) TABS(2) OBJECT(.\Objects\main.obj)

line level    source

   1          #include "STC8xxx.h"
   2          #include "BSP.h"
   3          
   4          
   5          #define steps 33
   6          
   7          
   8          void setup(void);
   9          void PWM_idle(void);
  10          
  11          
  12          void main(void)
  13          { 
  14   1        signed char i = 0x00;
  15   1        signed char j = 0x00;
  16   1      
  17   1        const unsigned int duty1_value[steps] = {0, 950, 1892, 2817, 3717, 4582, 5407, 6182, 6901, 7558, 8146,
  18   1                                                 8660, 9096, 9450, 9718, 9898, 9988, 9995, 9897, 9717, 9449, 909
             -5,
  19   1                                                 8658, 8144, 7555, 6898, 6179, 5403, 4579, 3713, 2813, 1888 ,946
             -};
  20   1      
  21   1        const unsigned int duty2_value[steps] = {8658, 8144, 7555, 6898, 6179, 5403, 4579, 3713, 2813, 1888 ,946
             -,
  22   1                                                 0, 950, 1892, 2817, 3717, 4582, 5407, 6182, 6901, 7558, 8146,
  23   1                                                 8660, 9096, 9450, 9718, 9898, 9988, 9995, 9897, 9717, 9449, 909
             -5};
  24   1      
  25   1        const unsigned int duty3_value[steps] = {8660, 9096, 9450, 9718, 9898, 9988, 9995, 9897, 9717, 9449, 909
             -5,
  26   1                                                 8658, 8144, 7555, 6898, 6179, 5403, 4579, 3713, 2813, 1888 ,946
             -,
  27   1                                                 0, 950, 1892, 2817, 3717, 4582, 5407, 6182, 6901, 7558, 8146};
  28   1        
  29   1        setup();
  30   1        
  31   1        while(1)
  32   1        {
  33   2          for(j = 0; j < 6; j++)
  34   2          {
  35   3            for(i = 0; i < steps; i++)
  36   3            {
  37   4                PWM_set_PWM0_T2(duty1_value[i]);
  38   4                PWM_set_PWM1_T2(duty2_value[i]);
  39   4                PWM_set_PWM2_T2(duty3_value[i]);
  40   4                delay_ms(60);
  41   4            }
  42   3          }
  43   2          
  44   2          PWM_idle();
  45   2          
  46   2          for(j = 0; j < 6; j++)
  47   2          {
  48   3            for(i = 0; i < steps; i++)
C51 COMPILER V9.60.0.0   MAIN                                                              05/03/2020 04:21:45 PAGE 2   

  49   3            {
  50   4                PWM_set_PWM0_T2(duty1_value[i]);
  51   4                PWM_set_PWM1_T2(duty1_value[i]);
  52   4                PWM_set_PWM2_T2(duty1_value[i]);
  53   4                delay_ms(60);
  54   4            }
  55   3          }
  56   2          
  57   2          PWM_idle();
  58   2        };
  59   1      }
  60          
  61          
  62          void setup(void)
  63          {
  64   1        CLK_set_sys_clk(IRC_24M, 2, MCLK_SYSCLK_no_output, MCLK_out_P54);
  65   1       
  66   1        PWM_clk_set(PWM_clk_sys_PS, PWM_clk_ps_sys_clk_div_2);
  67   1        
  68   1        PWM_set_counter(10000);
  69   1        
  70   1        PWM0_setup(PWM_pin_is_PWM_output, \
  71   1                   PWM_init_lvl_low, \
  72   1                   PWM_0_pin_P10, \
  73   1                   PWM_level_normal);
  74   1        
  75   1        PWM1_setup(PWM_pin_is_PWM_output, \
  76   1                   PWM_init_lvl_low, \
  77   1                   PWM_1_pin_P11, \
  78   1                   PWM_level_normal);
  79   1                   
  80   1        PWM2_setup(PWM_pin_is_PWM_output, \
  81   1                   PWM_init_lvl_low, \
  82   1                   PWM_2_pin_P12, \
  83   1                   PWM_level_normal);
  84   1                   
  85   1        PWM_set_PWM0_T1(0);
  86   1        PWM_set_PWM0_T2(0);
  87   1        
  88   1        PWM_set_PWM1_T1(0);
  89   1        PWM_set_PWM1_T2(0);
  90   1        
  91   1        PWM_set_PWM2_T1(0);
  92   1        PWM_set_PWM2_T2(0);
  93   1        
  94   1        
  95   1        PWM_start_counter;
  96   1      }
  97          
  98          
  99          void PWM_idle(void)
 100          {
 101   1        PWM0_hold_level(PWM_HLD_L_low);
 102   1        PWM1_hold_level(PWM_HLD_L_low);
 103   1        PWM2_hold_level(PWM_HLD_L_low); 
 104   1        delay_ms(100);
 105   1        PWM0_hold_level(PWM_level_normal);
 106   1        PWM1_hold_level(PWM_level_normal);
 107   1        PWM2_hold_level(PWM_level_normal);  
 108   1        delay_ms(100);
 109   1      }

C51 COMPILER V9.60.0.0   MAIN                                                              05/03/2020 04:21:45 PAGE 3   


MODULE INFORMATION:   STATIC OVERLAYABLE
   CODE SIZE        =   2771    ----
   CONSTANT SIZE    =    198    ----
   XDATA SIZE       =   ----     261
   PDATA SIZE       =   ----    ----
   DATA SIZE        =   ----    ----
   IDATA SIZE       =   ----    ----
   BIT SIZE         =   ----    ----
END OF MODULE INFORMATION.


C51 COMPILATION COMPLETE.  0 WARNING(S),  0 ERROR(S)
