C51 COMPILER V9.60.0.0   MAIN                                                              05/02/2020 22:00:30 PAGE 1   


C51 COMPILER V9.60.0.0, COMPILATION OF MODULE MAIN
OBJECT MODULE PLACED IN .\Objects\main.obj
COMPILER INVOKED BY: C:\Keil_v5\C51\BIN\C51.EXE main.c OPTIMIZE(8,SPEED) BROWSE INCDIR(.\My_Libraries\Device Header File
                    -s) DEBUG OBJECTEXTEND PRINT(.\Listings\main.lst) TABS(2) OBJECT(.\Objects\main.obj)

line level    source

   1          #include "STC8xxx.h"
   2          #include "BSP.h"
   3          
   4          
   5          #define T_Load         (1000000L / 12 / 2)
   6          
   7          
   8          unsigned int value = T_Load;
   9          
  10          
  11          void setup(void);
  12          
  13          
  14          void PCA_ISR(void)          
  15          interrupt 7
  16          {
  17   1        clear_PCA_0_flag;
  18   1        PCA0_load_value(value);
  19   1        P55_toggle;
  20   1        value += T_Load;
  21   1      }
  22          
  23          
  24          void main(void)
  25          {
  26   1      
  27   1        setup();
  28   1        
  29   1        while(1)
  30   1        {
  31   2        };
  32   1      }
  33          
  34          
  35          void setup(void)
  36          {
  37   1        CLK_set_sys_clk(IRC_24M, 24, MCLK_SYSCLK_no_output, MCLK_out_P54);
  38   1       
  39   1        P55_open_drain_mode;
  40   1        
  41   1        PCA_pin_option(0x10);
  42   1        
  43   1        PCA_setup(PCA_continue_counting_in_idle_mode, PCA_clk_sys_clk_div_12);
  44   1        
  45   1        PCA_0_mode(PCA_16_bit_software_timer);
  46   1          
  47   1        PCA_load_counter(0);
  48   1        PCA0_load_value(T_Load);
  49   1        
  50   1        _enable_PCA_0_interrupt;
  51   1        _enable_global_interrupt;
  52   1        
  53   1        PCA_start_counter;
  54   1      }
C51 COMPILER V9.60.0.0   MAIN                                                              05/02/2020 22:00:30 PAGE 2   

  55          
  56          


MODULE INFORMATION:   STATIC OVERLAYABLE
   CODE SIZE        =   1951    ----
   CONSTANT SIZE    =   ----    ----
   XDATA SIZE       =   ----    ----
   PDATA SIZE       =   ----    ----
   DATA SIZE        =      2      57
   IDATA SIZE       =   ----    ----
   BIT SIZE         =   ----    ----
END OF MODULE INFORMATION.


C51 COMPILATION COMPLETE.  0 WARNING(S),  0 ERROR(S)
