C51 COMPILER V9.60.0.0   MAIN                                                              04/27/2020 22:43:10 PAGE 1   


C51 COMPILER V9.60.0.0, COMPILATION OF MODULE MAIN
OBJECT MODULE PLACED IN .\Objects\main.obj
COMPILER INVOKED BY: C:\Keil_v5\C51\BIN\C51.EXE main.c OPTIMIZE(8,SPEED) BROWSE INCDIR(.\My_Libraries\Device Header File
                    -s) DEBUG OBJECTEXTEND PRINT(.\Listings\main.lst) TABS(2) OBJECT(.\Objects\main.obj)

line level    source

   1          #include "STC8xxx.h"
   2          #include "BSP.h"
   3          
   4          
   5          void setup(void);
   6              
   7          
   8          
   9          void main(void)
  10          {
  11   1          unsigned char i = 0;
  12   1        
  13   1          setup();
  14   1          
  15   1          while(1)
  16   1          {
  17   2              P11_toggle;
  18   2              
  19   2              if(P52_get_input == FALSE)
  20   2              {
  21   3                  for(i = 0; i <= 9; i++)
  22   3                  {
  23   4                    P10_toggle;
  24   4                    delay_ms(100); 
  25   4                  }
  26   3                  
  27   3                  while(1);
  28   3              }
  29   2              
  30   2              delay_ms(200);   
  31   2              WDT_reset;        
  32   2          };
  33   1      }
  34          
  35          
  36          void setup(void)
  37          {
  38   1          CLK_set_sys_clk(IRC_24M, 2, MCLK_SYSCLK_no_output, MCLK_out_P54);
  39   1          
  40   1          P52_input_mode;
  41   1          P52_pull_up_enable;
  42   1        
  43   1          P10_push_pull_mode;
  44   1          P11_push_pull_mode;  
  45   1      
  46   1          WDT_setup(WDT_continue_counting_in_idle_mode, WDT_div_factor_32);
  47   1      }


MODULE INFORMATION:   STATIC OVERLAYABLE
   CODE SIZE        =   1988    ----
   CONSTANT SIZE    =   ----    ----
   XDATA SIZE       =   ----    ----
   PDATA SIZE       =   ----    ----
C51 COMPILER V9.60.0.0   MAIN                                                              04/27/2020 22:43:10 PAGE 2   

   DATA SIZE        =   ----      58
   IDATA SIZE       =   ----    ----
   BIT SIZE         =   ----    ----
END OF MODULE INFORMATION.


C51 COMPILATION COMPLETE.  0 WARNING(S),  0 ERROR(S)
