C51 COMPILER V9.60.0.0   MAIN                                                              04/27/2020 23:12:20 PAGE 1   


C51 COMPILER V9.60.0.0, COMPILATION OF MODULE MAIN
OBJECT MODULE PLACED IN .\Objects\main.obj
COMPILER INVOKED BY: C:\Keil_v5\C51\BIN\C51.EXE main.c OPTIMIZE(8,SPEED) BROWSE INCDIR(.\My_Libraries\Device Header File
                    -s) DEBUG OBJECTEXTEND PRINT(.\Listings\main.lst) TABS(2) OBJECT(.\Objects\main.obj)

line level    source

   1          #include "STC8xxx.h"
   2          #include "BSP.h"
   3          
   4          
   5          void setup(void);
   6              
   7          
   8          
   9          void main(void)
  10          {
  11   1          unsigned char i = 0;
  12   1          setup();
  13   1          
  14   1          while(1)
  15   1          {
  16   2            WKT_disable;
  17   2            
  18   2            for(i = 0; i <= 15; i++)  
  19   2            {
  20   3              P55_toggle;
  21   3              delay_ms(100);
  22   3            }
  23   2            
  24   2            WKT_enable;
  25   2            Go_to_Power_Down_State;
  26   2            
  27   2          };
  28   1      }
  29          
  30          
  31          void setup(void)
  32          {
  33   1          CLK_set_sys_clk(IRC_24M, 2, MCLK_SYSCLK_no_output, MCLK_out_P54);
  34   1          
  35   1          P55_open_drain_mode;
  36   1          
  37   1          WKT_set_interval(9000);
  38   1          
  39   1      }


MODULE INFORMATION:   STATIC OVERLAYABLE
   CODE SIZE        =   1932    ----
   CONSTANT SIZE    =   ----    ----
   XDATA SIZE       =   ----    ----
   PDATA SIZE       =   ----    ----
   DATA SIZE        =   ----      58
   IDATA SIZE       =   ----    ----
   BIT SIZE         =   ----    ----
END OF MODULE INFORMATION.


C51 COMPILATION COMPLETE.  0 WARNING(S),  0 ERROR(S)
