C51 COMPILER V9.60.0.0   MAIN                                                              05/02/2020 23:32:13 PAGE 1   


C51 COMPILER V9.60.0.0, COMPILATION OF MODULE MAIN
OBJECT MODULE PLACED IN .\Objects\main.obj
COMPILER INVOKED BY: C:\Keil_v5\C51\BIN\C51.EXE main.c LARGE OPTIMIZE(8,SPEED) BROWSE INCDIR(.\My_Libraries\Device Heade
                    -r Files;.\My_Libraries\LCD;.\My_Libraries\DHT12) DEBUG OBJECTEXTEND PRINT(.\Listings\main.lst) TABS(2) OBJECT(.\Objects\
                    -main.obj)

line level    source

   1          #include "STC8xxx.h"
   2          #include "BSP.h"
   3          #include "LCD.c"
   4          #include "lcd_print.c"
   5          #include "DHT12.c"
   6          
   7          
   8          void setup(void);
   9          
  10          
  11          void main(void)
  12          {
  13   1        unsigned char state = 0x00;
  14   1        
  15   1        float T = 0.0;
  16   1        float RH = 0.0;
  17   1        
  18   1        setup();
  19   1        
  20   1        LCD_goto(0, 0);
  21   1        LCD_putstr("R.H / %:");
  22   1        LCD_goto(0, 1);
  23   1        LCD_putstr("Temp/ C:");
  24   1        print_symbol(5, 1, 0);
  25   1        
  26   1        while(1)
  27   1        {
  28   2            state = DHT12_get_data(&RH, &T);
  29   2          
  30   2            switch(state)
  31   2            {
  32   3              case no_error:
  33   3              {
  34   4                print_F(11, 0, RH, 1);
  35   4                print_F(11, 1, T, 1);
  36   4                break;
  37   4              }
  38   3              
  39   3              default:
  40   3              {
  41   4                LCD_goto(12, 0);
  42   4                LCD_putstr("--.-");
  43   4                LCD_goto(12, 1);
  44   4                LCD_putstr("--.-");
  45   4              }
  46   3            }
  47   2            
  48   2            P55_toggle;
  49   2            delay_ms(400);
  50   2        };
  51   1      }
  52          
  53          
C51 COMPILER V9.60.0.0   MAIN                                                              05/02/2020 23:32:13 PAGE 2   

  54          void setup(void)
  55          {
  56   1        CLK_set_sys_clk(IRC_24M, 2, MCLK_SYSCLK_no_output, MCLK_out_P54);
  57   1      
  58   1        P55_open_drain_mode;
  59   1      
  60   1        LCD_init();
  61   1        LCD_clear_home();
  62   1        load_custom_symbol();
  63   1        
  64   1        DHT12_init();
  65   1      }


MODULE INFORMATION:   STATIC OVERLAYABLE
   CODE SIZE        =   5239    ----
   CONSTANT SIZE    =     53    ----
   XDATA SIZE       =   ----     145
   PDATA SIZE       =   ----    ----
   DATA SIZE        =   ----    ----
   IDATA SIZE       =   ----    ----
   BIT SIZE         =   ----    ----
END OF MODULE INFORMATION.


C51 COMPILATION COMPLETE.  0 WARNING(S),  0 ERROR(S)
