C51 COMPILER V9.60.0.0   MAIN                                                              04/27/2020 04:14:29 PAGE 1   


C51 COMPILER V9.60.0.0, COMPILATION OF MODULE MAIN
OBJECT MODULE PLACED IN .\Objects\main.obj
COMPILER INVOKED BY: C:\Keil_v5\C51\BIN\C51.EXE main.c OPTIMIZE(8,SPEED) BROWSE INCDIR(.\My_Libraries\Device Header File
                    -s) DEBUG OBJECTEXTEND PRINT(.\Listings\main.lst) TABS(2) OBJECT(.\Objects\main.obj)

line level    source

   1          #include "STC8xxx.h"
   2          #include "BSP.h"
   3          
   4          
   5          unsigned char s = 0;
   6          unsigned int i = 0;
   7          
   8          
   9          void setup(void);
  10              
  11          
  12          void EXT_0_ISR(void)        
  13          interrupt 0 
  14          {
  15   1          for(s = 0; s <= 9; s++)
  16   1          {
  17   2              P55_toggle;
  18   2              for(i = 0; i < 10000; i++);
  19   2          }
  20   1      }
  21          
  22          
  23          void EXT_1_ISR(void)        
  24          interrupt 2
  25          {
  26   1          for(s = 0; s <= 9; s++)
  27   1          {
  28   2              P55_toggle;
  29   2              for(i = 0; i < 30000; i++);
  30   2          }
  31   1      }
  32          
  33          
  34          void main(void)
  35          {
  36   1          setup();
  37   1          
  38   1          while(1)
  39   1          {
  40   2              P55_low;        
  41   2          };
  42   1      }
  43          
  44          
  45          void setup(void)
  46          {
  47   1          CLK_set_sys_clk(IRC_24M, 24, MCLK_SYSCLK_no_output, MCLK_out_P54);
  48   1          
  49   1          P55_open_drain_mode;
  50   1                
  51   1          EXT_0_priority_0;
  52   1          EXT_0_falling_edge_detection_only;
  53   1          _enable_EXT_0_interrupt;
  54   1             
C51 COMPILER V9.60.0.0   MAIN                                                              04/27/2020 04:14:29 PAGE 2   

  55   1          EXT_1_priority_1;
  56   1          EXT_1_falling_edge_detection_only;
  57   1          _enable_EXT_1_interrupt;
  58   1          
  59   1          _enable_global_interrupt;
  60   1      }


MODULE INFORMATION:   STATIC OVERLAYABLE
   CODE SIZE        =   2049    ----
   CONSTANT SIZE    =   ----    ----
   XDATA SIZE       =   ----    ----
   PDATA SIZE       =   ----    ----
   DATA SIZE        =      3      57
   IDATA SIZE       =   ----    ----
   BIT SIZE         =   ----    ----
END OF MODULE INFORMATION.


C51 COMPILATION COMPLETE.  0 WARNING(S),  0 ERROR(S)
