C51 COMPILER V9.60.0.0   MAIN                                                              04/27/2020 04:12:05 PAGE 1   


C51 COMPILER V9.60.0.0, COMPILATION OF MODULE MAIN
OBJECT MODULE PLACED IN .\Objects\main.obj
COMPILER INVOKED BY: C:\Keil_v5\C51\BIN\C51.EXE main.c OPTIMIZE(8,SPEED) BROWSE INCDIR(.\My_Libraries\Device Header File
                    -s) DEBUG OBJECTEXTEND PRINT(.\Listings\main.lst) TABS(2) OBJECT(.\Objects\main.obj)

line level    source

   1          #include "STC8xxx.h"
   2          #include "BSP.h"
   3          
   4          
   5          void setup(void);
   6          void toggle(void);
   7          
   8          
   9          void main(void)
  10          {
  11   1      
  12   1        setup();
  13   1        
  14   1        while(1)
  15   1        {
  16   2              
  17   2        };
  18   1      }
  19          
  20          
  21          void setup(void)
  22          {
  23   1          P55_open_drain_mode;
  24   1          
  25   1          CLK_set_sys_clk(IRC_24M, 4, MCLK_SYSCLK_div_1, MCLK_out_P54);
  26   1          toggle();
  27   1          
  28   1          CLK_set_sys_clk(IRC_24M, 6, MCLK_SYSCLK_div_8, MCLK_out_P54);
  29   1          toggle();
  30   1          
  31   1          CLK_set_sys_clk(IRC_24M, 24, MCLK_SYSCLK_div_1, MCLK_out_P54);
  32   1          toggle();
  33   1          
  34   1          CLK_set_sys_clk(IRC_32k, 1, MCLK_SYSCLK_div_1, MCLK_out_P54);
  35   1          toggle();
  36   1      }
  37          
  38          
  39          void toggle(void)
  40          {
  41   1          unsigned char i = 10;
  42   1          
  43   1          while(i > 0)
  44   1          {
  45   2              P55_toggle;
  46   2              delay_ms(60);
  47   2              i--;
  48   2          };
  49   1      }


MODULE INFORMATION:   STATIC OVERLAYABLE
   CODE SIZE        =   2047    ----
   CONSTANT SIZE    =   ----    ----
C51 COMPILER V9.60.0.0   MAIN                                                              04/27/2020 04:12:05 PAGE 2   

   XDATA SIZE       =   ----    ----
   PDATA SIZE       =   ----    ----
   DATA SIZE        =   ----      58
   IDATA SIZE       =   ----    ----
   BIT SIZE         =   ----    ----
END OF MODULE INFORMATION.


C51 COMPILATION COMPLETE.  0 WARNING(S),  0 ERROR(S)
