C51 COMPILER V9.60.0.0   MAIN                                                              04/28/2020 15:20:37 PAGE 1   


C51 COMPILER V9.60.0.0, COMPILATION OF MODULE MAIN
OBJECT MODULE PLACED IN .\Objects\main.obj
COMPILER INVOKED BY: C:\Keil_v5\C51\BIN\C51.EXE main.c OPTIMIZE(8,SPEED) BROWSE INCDIR(.\My_Libraries\Device Header File
                    -s) DEBUG OBJECTEXTEND PRINT(.\Listings\main.lst) TABS(2) OBJECT(.\Objects\main.obj)

line level    source

   1          #include "STC8xxx.h"
   2          #include "BSP.h"
   3          
   4          
   5          void setup(void);
   6          
   7          
   8          void main(void)
   9          { 
  10   1        setup();
  11   1        
  12   1        while(1)
  13   1        {
  14   2            if(TMR4_get_counter() >= 0x9E58)
  15   2            {
  16   3              P55_high;
  17   3            }
  18   2            else
  19   2            {
  20   3              P55_low;
  21   3            }
  22   2        };
  23   1      }
  24          
  25          
  26          void setup(void)
  27          {
  28   1        CLK_set_sys_clk(IRC_24M, 24, MCLK_SYSCLK_no_output, MCLK_out_P54);
  29   1        
  30   1        P55_open_drain_mode;
  31   1        
  32   1        TMR4_setup(TMR4_sysclk, \
  33   1                   TMR4_clk_prescalar_12T, \
  34   1                   TMR4_no_clk_out);
  35   1        
  36   1        TMR4_load_counter_16(0x3CB0);
  37   1        TMR4_start;
  38   1      }


MODULE INFORMATION:   STATIC OVERLAYABLE
   CODE SIZE        =   1931    ----
   CONSTANT SIZE    =   ----    ----
   XDATA SIZE       =   ----    ----
   PDATA SIZE       =   ----    ----
   DATA SIZE        =   ----      57
   IDATA SIZE       =   ----    ----
   BIT SIZE         =   ----    ----
END OF MODULE INFORMATION.


C51 COMPILATION COMPLETE.  0 WARNING(S),  0 ERROR(S)
