C51 COMPILER V9.60.0.0   MAIN                                                              05/04/2020 23:37:23 PAGE 1   


C51 COMPILER V9.60.0.0, COMPILATION OF MODULE MAIN
OBJECT MODULE PLACED IN .\Objects\main.obj
COMPILER INVOKED BY: C:\Keil_v5\C51\BIN\C51.EXE main.c LARGE OPTIMIZE(8,SPEED) BROWSE INCDIR(.\My_Libraries\Device Heade
                    -r Files;.\My_Libraries\DS18B20;.\My_Libraries\TM1637) DEBUG OBJECTEXTEND PRINT(.\Listings\main.lst) TABS(2) OBJECT(.\Obj
                    -ects\main.obj)

line level    source

   1          #include "STC8xxx.h"
   2          #include "BSP.h"
   3          #include "DS18B20.c"
   4          #include "TM1637.c"
   5          
   6          
   7          void setup(void);
   8          
   9          
  10          void main(void)
  11          {
  12   1        signed long t = 0;
  13   1        
  14   1        setup();
  15   1      
  16   1      
  17   1        while(1)
  18   1        {                                    
  19   2          t = ((signed long)DS18B20_get_temperature());                                                         
             -                                                              
  20   2                                                                               
  21   2          if((t > 999) && (t >= 0))                                                                             
             -                                       
  22   2          {
  23   3              TM1637_display_segments(0, 0x40, 0);                              
  24   3              TM1637_display_segments(1, 0x40, 0);        
  25   3          }                                                                                             
  26   2            
  27   2          else
  28   2          {
  29   3              TM1637_display_segments(0, seg_data[(t / 10)], 0);
  30   3              TM1637_display_segments(1, seg_data[(t % 10)], 0);          
  31   3          }   
  32   2          
  33   2          TM1637_display_segments(2, 0x63, 0);      
  34   2          TM1637_display_segments(3, 0x39, 0);                                                              
  35   2          
  36   2          delay_ms(600); 
  37   2        };
  38   1      }
  39          
  40          
  41          void setup(void)
  42          {
  43   1        CLK_set_sys_clk(IRC_24M, 2, MCLK_SYSCLK_no_output, MCLK_out_P54);
  44   1        
  45   1        TM1637_init();
  46   1        DS18B20_init();
  47   1      }


MODULE INFORMATION:   STATIC OVERLAYABLE
   CODE SIZE        =   3299    ----
C51 COMPILER V9.60.0.0   MAIN                                                              05/04/2020 23:37:23 PAGE 2   

   CONSTANT SIZE    =   ----    ----
   XDATA SIZE       =     10      86
   PDATA SIZE       =   ----    ----
   DATA SIZE        =   ----    ----
   IDATA SIZE       =   ----    ----
   BIT SIZE         =   ----    ----
END OF MODULE INFORMATION.


C51 COMPILATION COMPLETE.  0 WARNING(S),  0 ERROR(S)
